{"C:\\Users\\punit\\OneDrive\\Desktop\\Namaste react.js\\src\\components\\Contact.js": {"path":"C:\\Users\\punit\\OneDrive\\Desktop\\Namaste react.js\\src\\components\\Contact.js","statementMap":{"0":{"start":{"line":3,"column":16},"end":{"line":39,"column":1}},"1":{"start":{"line":4,"column":2},"end":{"line":38,"column":4}}},"fnMap":{"0":{"name":"(anonymous_0)","decl":{"start":{"line":3,"column":16},"end":{"line":3,"column":17}},"loc":{"start":{"line":3,"column":22},"end":{"line":39,"column":1}},"line":3}},"branchMap":{},"s":{"0":1,"1":3},"f":{"0":3},"b":{},"_coverageSchema":"1a1c01bbd47fc00a2c39e90264f33305004495a9","hash":"6889beae650711ff5e25880cc622e2244773ce28"}
,"C:\\Users\\punit\\OneDrive\\Desktop\\Namaste react.js\\src\\components\\Header.js": {"path":"C:\\Users\\punit\\OneDrive\\Desktop\\Namaste react.js\\src\\components\\Header.js","statementMap":{"0":{"start":{"line":8,"column":15},"end":{"line":75,"column":1}},"1":{"start":{"line":9,"column":32},"end":{"line":9,"column":49}},"2":{"start":{"line":10,"column":23},"end":{"line":10,"column":40}},"3":{"start":{"line":11,"column":27},"end":{"line":11,"column":50}},"4":{"start":{"line":12,"column":20},"end":{"line":12,"column":60}},"5":{"start":{"line":12,"column":43},"end":{"line":12,"column":59}},"6":{"start":{"line":13,"column":19},"end":{"line":13,"column":32}},"7":{"start":{"line":15,"column":2},"end":{"line":17,"column":16}},"8":{"start":{"line":16,"column":4},"end":{"line":16,"column":25}},"9":{"start":{"line":19,"column":2},"end":{"line":74,"column":4}},"10":{"start":{"line":59,"column":16},"end":{"line":63,"column":17}},"11":{"start":{"line":60,"column":18},"end":{"line":60,"column":37}},"12":{"start":{"line":62,"column":18},"end":{"line":62,"column":38}}},"fnMap":{"0":{"name":"(anonymous_0)","decl":{"start":{"line":8,"column":15},"end":{"line":8,"column":16}},"loc":{"start":{"line":8,"column":21},"end":{"line":75,"column":1}},"line":8},"1":{"name":"(anonymous_1)","decl":{"start":{"line":12,"column":32},"end":{"line":12,"column":33}},"loc":{"start":{"line":12,"column":43},"end":{"line":12,"column":59}},"line":12},"2":{"name":"(anonymous_2)","decl":{"start":{"line":15,"column":12},"end":{"line":15,"column":13}},"loc":{"start":{"line":15,"column":18},"end":{"line":17,"column":3}},"line":15},"3":{"name":"(anonymous_3)","decl":{"start":{"line":58,"column":23},"end":{"line":58,"column":24}},"loc":{"start":{"line":58,"column":29},"end":{"line":64,"column":15}},"line":58}},"branchMap":{"0":{"loc":{"start":{"line":39,"column":13},"end":{"line":39,"column":39}},"type":"cond-expr","locations":[{"start":{"line":39,"column":28},"end":{"line":39,"column":32}},{"start":{"line":39,"column":35},"end":{"line":39,"column":39}}],"line":39},"1":{"loc":{"start":{"line":59,"column":16},"end":{"line":63,"column":17}},"type":"if","locations":[{"start":{"line":59,"column":16},"end":{"line":63,"column":17}},{"start":{"line":61,"column":23},"end":{"line":63,"column":17}}],"line":59}},"s":{"0":1,"1":1,"2":1,"3":1,"4":1,"5":2,"6":1,"7":1,"8":1,"9":1,"10":0,"11":0,"12":0},"f":{"0":1,"1":2,"2":1,"3":0},"b":{"0":[1,0],"1":[0,0]},"_coverageSchema":"1a1c01bbd47fc00a2c39e90264f33305004495a9","hash":"e907246475745619781ac4575750b32493b54863"}
,"C:\\Users\\punit\\OneDrive\\Desktop\\Namaste react.js\\src\\components\\sum.js": {"path":"C:\\Users\\punit\\OneDrive\\Desktop\\Namaste react.js\\src\\components\\sum.js","statementMap":{"0":{"start":{"line":1,"column":18},"end":{"line":3,"column":1}},"1":{"start":{"line":2,"column":4},"end":{"line":2,"column":15}}},"fnMap":{"0":{"name":"(anonymous_0)","decl":{"start":{"line":1,"column":18},"end":{"line":1,"column":19}},"loc":{"start":{"line":1,"column":25},"end":{"line":3,"column":1}},"line":1}},"branchMap":{},"s":{"0":1,"1":1},"f":{"0":1},"b":{},"_coverageSchema":"1a1c01bbd47fc00a2c39e90264f33305004495a9","hash":"15e4d72ed94d9b0327b9c63d31ac465d66fbf407"}
,"C:\\Users\\punit\\OneDrive\\Desktop\\Namaste react.js\\src\\utils\\UserContext.js": {"path":"C:\\Users\\punit\\OneDrive\\Desktop\\Namaste react.js\\src\\utils\\UserContext.js","statementMap":{"0":{"start":{"line":2,"column":18},"end":{"line":4,"column":2}}},"fnMap":{},"branchMap":{},"s":{"0":1},"f":{},"b":{},"_coverageSchema":"1a1c01bbd47fc00a2c39e90264f33305004495a9","hash":"608814f35991bb4158acbe95a3f10e705d71c19c"}
,"C:\\Users\\punit\\OneDrive\\Desktop\\Namaste react.js\\src\\utils\\appstore.js": {"path":"C:\\Users\\punit\\OneDrive\\Desktop\\Namaste react.js\\src\\utils\\appstore.js","statementMap":{"0":{"start":{"line":5,"column":17},"end":{"line":9,"column":2}}},"fnMap":{},"branchMap":{},"s":{"0":1},"f":{},"b":{},"_coverageSchema":"1a1c01bbd47fc00a2c39e90264f33305004495a9","hash":"5748c4d15b986a7562c148cc817d2a7198b5334f"}
,"C:\\Users\\punit\\OneDrive\\Desktop\\Namaste react.js\\src\\utils\\cartSlice.js": {"path":"C:\\Users\\punit\\OneDrive\\Desktop\\Namaste react.js\\src\\utils\\cartSlice.js","statementMap":{"0":{"start":{"line":2,"column":16},"end":{"line":19,"column":2}},"1":{"start":{"line":9,"column":6},"end":{"line":9,"column":39}},"2":{"start":{"line":13,"column":8},"end":{"line":13,"column":26}},"3":{"start":{"line":16,"column":8},"end":{"line":16,"column":29}},"4":{"start":{"line":20,"column":43},"end":{"line":20,"column":60}}},"fnMap":{"0":{"name":"(anonymous_0)","decl":{"start":{"line":8,"column":12},"end":{"line":8,"column":13}},"loc":{"start":{"line":8,"column":28},"end":{"line":11,"column":5}},"line":8},"1":{"name":"(anonymous_1)","decl":{"start":{"line":12,"column":15},"end":{"line":12,"column":16}},"loc":{"start":{"line":12,"column":25},"end":{"line":14,"column":5}},"line":12},"2":{"name":"(anonymous_2)","decl":{"start":{"line":15,"column":14},"end":{"line":15,"column":15}},"loc":{"start":{"line":15,"column":23},"end":{"line":17,"column":5}},"line":15}},"branchMap":{},"s":{"0":1,"1":0,"2":0,"3":0,"4":1},"f":{"0":0,"1":0,"2":0},"b":{},"_coverageSchema":"1a1c01bbd47fc00a2c39e90264f33305004495a9","hash":"047acf7266919a797b1ec25c56524151e8261d08"}
,"C:\\Users\\punit\\OneDrive\\Desktop\\Namaste react.js\\src\\utils\\constant.js": {"path":"C:\\Users\\punit\\OneDrive\\Desktop\\Namaste react.js\\src\\utils\\constant.js","statementMap":{"0":{"start":{"line":1,"column":21},"end":{"line":1,"column":104}},"1":{"start":{"line":2,"column":22},"end":{"line":2,"column":116}},"2":{"start":{"line":3,"column":22},"end":{"line":3,"column":152}}},"fnMap":{},"branchMap":{},"s":{"0":1,"1":1,"2":1},"f":{},"b":{},"_coverageSchema":"1a1c01bbd47fc00a2c39e90264f33305004495a9","hash":"6fbb4be1d1feb88420b655336460849e2a6a2b08"}
,"C:\\Users\\punit\\OneDrive\\Desktop\\Namaste react.js\\src\\utils\\useOnlineStatus.js": {"path":"C:\\Users\\punit\\OneDrive\\Desktop\\Namaste react.js\\src\\utils\\useOnlineStatus.js","statementMap":{"0":{"start":{"line":7,"column":22},"end":{"line":25,"column":1}},"1":{"start":{"line":8,"column":41},"end":{"line":8,"column":55}},"2":{"start":{"line":12,"column":4},"end":{"line":19,"column":9}},"3":{"start":{"line":13,"column":8},"end":{"line":15,"column":10}},"4":{"start":{"line":14,"column":4},"end":{"line":14,"column":26}},"5":{"start":{"line":16,"column":8},"end":{"line":18,"column":18}},"6":{"start":{"line":17,"column":12},"end":{"line":17,"column":35}},"7":{"start":{"line":24,"column":4},"end":{"line":24,"column":24}}},"fnMap":{"0":{"name":"(anonymous_0)","decl":{"start":{"line":7,"column":22},"end":{"line":7,"column":23}},"loc":{"start":{"line":7,"column":26},"end":{"line":25,"column":1}},"line":7},"1":{"name":"(anonymous_1)","decl":{"start":{"line":12,"column":14},"end":{"line":12,"column":15}},"loc":{"start":{"line":12,"column":18},"end":{"line":19,"column":5}},"line":12},"2":{"name":"(anonymous_2)","decl":{"start":{"line":13,"column":41},"end":{"line":13,"column":42}},"loc":{"start":{"line":13,"column":45},"end":{"line":15,"column":9}},"line":13},"3":{"name":"(anonymous_3)","decl":{"start":{"line":16,"column":42},"end":{"line":16,"column":43}},"loc":{"start":{"line":16,"column":46},"end":{"line":18,"column":17}},"line":16}},"branchMap":{},"s":{"0":1,"1":1,"2":1,"3":1,"4":0,"5":1,"6":0,"7":1},"f":{"0":1,"1":1,"2":0,"3":0},"b":{},"_coverageSchema":"1a1c01bbd47fc00a2c39e90264f33305004495a9","hash":"d6855735498d7e658b7f6464ce84ae55b2f59614"}
}
