TN:
SF:src\components\Contact.js
FN:3,(anonymous_0)
FNF:1
FNH:1
FNDA:3,(anonymous_0)
DA:3,1
DA:4,3
LF:2
LH:2
BRF:0
BRH:0
end_of_record
TN:
SF:src\components\Header.js
FN:8,(anonymous_0)
FN:12,(anonymous_1)
FN:15,(anonymous_2)
FN:58,(anonymous_3)
FNF:4
FNH:3
FNDA:1,(anonymous_0)
FNDA:2,(anonymous_1)
FNDA:1,(anonymous_2)
FNDA:0,(anonymous_3)
DA:8,1
DA:9,1
DA:10,1
DA:11,1
DA:12,2
DA:13,1
DA:15,1
DA:16,1
DA:19,1
DA:59,0
DA:60,0
DA:62,0
LF:12
LH:9
BRDA:39,0,0,1
BRDA:39,0,1,0
BRDA:59,1,0,0
BRDA:59,1,1,0
BRF:4
BRH:1
end_of_record
TN:
SF:src\components\sum.js
FN:1,(anonymous_0)
FNF:1
FNH:1
FNDA:1,(anonymous_0)
DA:1,1
DA:2,1
LF:2
LH:2
BRF:0
BRH:0
end_of_record
TN:
SF:src\utils\UserContext.js
FNF:0
FNH:0
DA:2,1
LF:1
LH:1
BRF:0
BRH:0
end_of_record
TN:
SF:src\utils\appstore.js
FNF:0
FNH:0
DA:5,1
LF:1
LH:1
BRF:0
BRH:0
end_of_record
TN:
SF:src\utils\cartSlice.js
FN:8,(anonymous_0)
FN:12,(anonymous_1)
FN:15,(anonymous_2)
FNF:3
FNH:0
FNDA:0,(anonymous_0)
FNDA:0,(anonymous_1)
FNDA:0,(anonymous_2)
DA:2,1
DA:9,0
DA:13,0
DA:16,0
DA:20,1
LF:5
LH:2
BRF:0
BRH:0
end_of_record
TN:
SF:src\utils\constant.js
FNF:0
FNH:0
DA:1,1
DA:2,1
DA:3,1
LF:3
LH:3
BRF:0
BRH:0
end_of_record
TN:
SF:src\utils\useOnlineStatus.js
FN:7,(anonymous_0)
FN:12,(anonymous_1)
FN:13,(anonymous_2)
FN:16,(anonymous_3)
FNF:4
FNH:2
FNDA:1,(anonymous_0)
FNDA:1,(anonymous_1)
FNDA:0,(anonymous_2)
FNDA:0,(anonymous_3)
DA:7,1
DA:8,1
DA:12,1
DA:13,1
DA:14,0
DA:16,1
DA:17,0
DA:24,1
LF:8
LH:6
BRF:0
BRH:0
end_of_record
